modular_addition_simple2.py -m activation=sqr loss_func=mse num_epochs=10000 weight_decay=1e-5,5e-5,1e-4,2e-4,5e-4 hidden_size=256,512,1024,2048 learning_rate=0.01 M=23,71,127 test_size=0.1 save_interval=100 seed=1,2,3,4,5

ba2de90a190ac0b8cc4c20de7aabe8ed4f9cc470

[2024-09-12 16:56:51,857][HYDRA] Submitit 'slurm' sweep output dir : **** 

[2024-09-12 16:56:51,861][HYDRA] 	#0 : activation=sqr loss_func=mse num_epochs=10000 weight_decay=1e-05 hidden_size=256 learning_rate=0.01 M=23 test_size=0.1 save_interval=100 seed=1 +run_name=09-12_16-56 +githash=ba2de90 
[2024-09-12 16:56:51,871][HYDRA] 	#1 : activation=sqr loss_func=mse num_epochs=10000 weight_decay=1e-05 hidden_size=256 learning_rate=0.01 M=23 test_size=0.1 save_interval=100 seed=2 +run_name=09-12_16-56 +githash=ba2de90 
[2024-09-12 16:56:51,880][HYDRA] 	#2 : activation=sqr loss_func=mse num_epochs=10000 weight_decay=1e-05 hidden_size=256 learning_rate=0.01 M=23 test_size=0.1 save_interval=100 seed=3 +run_name=09-12_16-56 +githash=ba2de90 
[2024-09-12 16:56:51,889][HYDRA] 	#3 : activation=sqr loss_func=mse num_epochs=10000 weight_decay=1e-05 hidden_size=256 learning_rate=0.01 M=23 test_size=0.1 save_interval=100 seed=4 +run_name=09-12_16-56 +githash=ba2de90 
[2024-09-12 16:56:51,898][HYDRA] 	#4 : activation=sqr loss_func=mse num_epochs=10000 weight_decay=1e-05 hidden_size=256 learning_rate=0.01 M=23 test_size=0.1 save_interval=100 seed=5 +run_name=09-12_16-56 +githash=ba2de90 
[2024-09-12 16:56:51,906][HYDRA] 	#5 : activation=sqr loss_func=mse num_epochs=10000 weight_decay=1e-05 hidden_size=256 learning_rate=0.01 M=71 test_size=0.1 save_interval=100 seed=1 +run_name=09-12_16-56 +githash=ba2de90 
[2024-09-12 16:56:51,912][HYDRA] 	#6 : activation=sqr loss_func=mse num_epochs=10000 weight_decay=1e-05 hidden_size=256 learning_rate=0.01 M=71 test_size=0.1 save_interval=100 seed=2 +run_name=09-12_16-56 +githash=ba2de90 
[2024-09-12 16:56:51,919][HYDRA] 	#7 : activation=sqr loss_func=mse num_epochs=10000 weight_decay=1e-05 hidden_size=256 learning_rate=0.01 M=71 test_size=0.1 save_interval=100 seed=3 +run_name=09-12_16-56 +githash=ba2de90 
[2024-09-12 16:56:51,926][HYDRA] 	#8 : activation=sqr loss_func=mse num_epochs=10000 weight_decay=1e-05 hidden_size=256 learning_rate=0.01 M=71 test_size=0.1 save_interval=100 seed=4 +run_name=09-12_16-56 +githash=ba2de90 
[2024-09-12 16:56:51,932][HYDRA] 	#9 : activation=sqr loss_func=mse num_epochs=10000 weight_decay=1e-05 hidden_size=256 learning_rate=0.01 M=71 test_size=0.1 save_interval=100 seed=5 +run_name=09-12_16-56 +githash=ba2de90 
[2024-09-12 16:56:51,940][HYDRA] 	#10 : activation=sqr loss_func=mse num_epochs=10000 weight_decay=1e-05 hidden_size=256 learning_rate=0.01 M=127 test_size=0.1 save_interval=100 seed=1 +run_name=09-12_16-56 +githash=ba2de90 
[2024-09-12 16:56:52,006][HYDRA] 	#11 : activation=sqr loss_func=mse num_epochs=10000 weight_decay=1e-05 hidden_size=256 learning_rate=0.01 M=127 test_size=0.1 save_interval=100 seed=2 +run_name=09-12_16-56 +githash=ba2de90 
[2024-09-12 16:56:52,013][HYDRA] 	#12 : activation=sqr loss_func=mse num_epochs=10000 weight_decay=1e-05 hidden_size=256 learning_rate=0.01 M=127 test_size=0.1 save_interval=100 seed=3 +run_name=09-12_16-56 +githash=ba2de90 
[2024-09-12 16:56:52,019][HYDRA] 	#13 : activation=sqr loss_func=mse num_epochs=10000 weight_decay=1e-05 hidden_size=256 learning_rate=0.01 M=127 test_size=0.1 save_interval=100 seed=4 +run_name=09-12_16-56 +githash=ba2de90 
[2024-09-12 16:56:52,026][HYDRA] 	#14 : activation=sqr loss_func=mse num_epochs=10000 weight_decay=1e-05 hidden_size=256 learning_rate=0.01 M=127 test_size=0.1 save_interval=100 seed=5 +run_name=09-12_16-56 +githash=ba2de90 
[2024-09-12 16:56:52,032][HYDRA] 	#15 : activation=sqr loss_func=mse num_epochs=10000 weight_decay=1e-05 hidden_size=512 learning_rate=0.01 M=23 test_size=0.1 save_interval=100 seed=1 +run_name=09-12_16-56 +githash=ba2de90 
[2024-09-12 16:56:52,038][HYDRA] 	#16 : activation=sqr loss_func=mse num_epochs=10000 weight_decay=1e-05 hidden_size=512 learning_rate=0.01 M=23 test_size=0.1 save_interval=100 seed=2 +run_name=09-12_16-56 +githash=ba2de90 
[2024-09-12 16:56:52,045][HYDRA] 	#17 : activation=sqr loss_func=mse num_epochs=10000 weight_decay=1e-05 hidden_size=512 learning_rate=0.01 M=23 test_size=0.1 save_interval=100 seed=3 +run_name=09-12_16-56 +githash=ba2de90 
[2024-09-12 16:56:52,052][HYDRA] 	#18 : activation=sqr loss_func=mse num_epochs=10000 weight_decay=1e-05 hidden_size=512 learning_rate=0.01 M=23 test_size=0.1 save_interval=100 seed=4 +run_name=09-12_16-56 +githash=ba2de90 
[2024-09-12 16:56:52,059][HYDRA] 	#19 : activation=sqr loss_func=mse num_epochs=10000 weight_decay=1e-05 hidden_size=512 learning_rate=0.01 M=23 test_size=0.1 save_interval=100 seed=5 +run_name=09-12_16-56 +githash=ba2de90 
[2024-09-12 16:56:52,068][HYDRA] 	#20 : activation=sqr loss_func=mse num_epochs=10000 weight_decay=1e-05 hidden_size=512 learning_rate=0.01 M=71 test_size=0.1 save_interval=100 seed=1 +run_name=09-12_16-56 +githash=ba2de90 
[2024-09-12 16:56:52,076][HYDRA] 	#21 : activation=sqr loss_func=mse num_epochs=10000 weight_decay=1e-05 hidden_size=512 learning_rate=0.01 M=71 test_size=0.1 save_interval=100 seed=2 +run_name=09-12_16-56 +githash=ba2de90 
[2024-09-12 16:56:52,082][HYDRA] 	#22 : activation=sqr loss_func=mse num_epochs=10000 weight_decay=1e-05 hidden_size=512 learning_rate=0.01 M=71 test_size=0.1 save_interval=100 seed=3 +run_name=09-12_16-56 +githash=ba2de90 
[2024-09-12 16:56:52,088][HYDRA] 	#23 : activation=sqr loss_func=mse num_epochs=10000 weight_decay=1e-05 hidden_size=512 learning_rate=0.01 M=71 test_size=0.1 save_interval=100 seed=4 +run_name=09-12_16-56 +githash=ba2de90 
[2024-09-12 16:56:52,094][HYDRA] 	#24 : activation=sqr loss_func=mse num_epochs=10000 weight_decay=1e-05 hidden_size=512 learning_rate=0.01 M=71 test_size=0.1 save_interval=100 seed=5 +run_name=09-12_16-56 +githash=ba2de90 
[2024-09-12 16:56:52,101][HYDRA] 	#25 : activation=sqr loss_func=mse num_epochs=10000 weight_decay=1e-05 hidden_size=512 learning_rate=0.01 M=127 test_size=0.1 save_interval=100 seed=1 +run_name=09-12_16-56 +githash=ba2de90 
[2024-09-12 16:56:52,107][HYDRA] 	#26 : activation=sqr loss_func=mse num_epochs=10000 weight_decay=1e-05 hidden_size=512 learning_rate=0.01 M=127 test_size=0.1 save_interval=100 seed=2 +run_name=09-12_16-56 +githash=ba2de90 
[2024-09-12 16:56:52,114][HYDRA] 	#27 : activation=sqr loss_func=mse num_epochs=10000 weight_decay=1e-05 hidden_size=512 learning_rate=0.01 M=127 test_size=0.1 save_interval=100 seed=3 +run_name=09-12_16-56 +githash=ba2de90 
[2024-09-12 16:56:52,121][HYDRA] 	#28 : activation=sqr loss_func=mse num_epochs=10000 weight_decay=1e-05 hidden_size=512 learning_rate=0.01 M=127 test_size=0.1 save_interval=100 seed=4 +run_name=09-12_16-56 +githash=ba2de90 
[2024-09-12 16:56:52,128][HYDRA] 	#29 : activation=sqr loss_func=mse num_epochs=10000 weight_decay=1e-05 hidden_size=512 learning_rate=0.01 M=127 test_size=0.1 save_interval=100 seed=5 +run_name=09-12_16-56 +githash=ba2de90 
[2024-09-12 16:56:52,135][HYDRA] 	#30 : activation=sqr loss_func=mse num_epochs=10000 weight_decay=1e-05 hidden_size=1024 learning_rate=0.01 M=23 test_size=0.1 save_interval=100 seed=1 +run_name=09-12_16-56 +githash=ba2de90 
[2024-09-12 16:56:52,141][HYDRA] 	#31 : activation=sqr loss_func=mse num_epochs=10000 weight_decay=1e-05 hidden_size=1024 learning_rate=0.01 M=23 test_size=0.1 save_interval=100 seed=2 +run_name=09-12_16-56 +githash=ba2de90 
[2024-09-12 16:56:52,148][HYDRA] 	#32 : activation=sqr loss_func=mse num_epochs=10000 weight_decay=1e-05 hidden_size=1024 learning_rate=0.01 M=23 test_size=0.1 save_interval=100 seed=3 +run_name=09-12_16-56 +githash=ba2de90 
[2024-09-12 16:56:52,155][HYDRA] 	#33 : activation=sqr loss_func=mse num_epochs=10000 weight_decay=1e-05 hidden_size=1024 learning_rate=0.01 M=23 test_size=0.1 save_interval=100 seed=4 +run_name=09-12_16-56 +githash=ba2de90 
[2024-09-12 16:56:52,161][HYDRA] 	#34 : activation=sqr loss_func=mse num_epochs=10000 weight_decay=1e-05 hidden_size=1024 learning_rate=0.01 M=23 test_size=0.1 save_interval=100 seed=5 +run_name=09-12_16-56 +githash=ba2de90 
[2024-09-12 16:56:52,168][HYDRA] 	#35 : activation=sqr loss_func=mse num_epochs=10000 weight_decay=1e-05 hidden_size=1024 learning_rate=0.01 M=71 test_size=0.1 save_interval=100 seed=1 +run_name=09-12_16-56 +githash=ba2de90 
[2024-09-12 16:56:52,174][HYDRA] 	#36 : activation=sqr loss_func=mse num_epochs=10000 weight_decay=1e-05 hidden_size=1024 learning_rate=0.01 M=71 test_size=0.1 save_interval=100 seed=2 +run_name=09-12_16-56 +githash=ba2de90 
[2024-09-12 16:56:52,180][HYDRA] 	#37 : activation=sqr loss_func=mse num_epochs=10000 weight_decay=1e-05 hidden_size=1024 learning_rate=0.01 M=71 test_size=0.1 save_interval=100 seed=3 +run_name=09-12_16-56 +githash=ba2de90 
[2024-09-12 16:56:52,186][HYDRA] 	#38 : activation=sqr loss_func=mse num_epochs=10000 weight_decay=1e-05 hidden_size=1024 learning_rate=0.01 M=71 test_size=0.1 save_interval=100 seed=4 +run_name=09-12_16-56 +githash=ba2de90 
[2024-09-12 16:56:52,192][HYDRA] 	#39 : activation=sqr loss_func=mse num_epochs=10000 weight_decay=1e-05 hidden_size=1024 learning_rate=0.01 M=71 test_size=0.1 save_interval=100 seed=5 +run_name=09-12_16-56 +githash=ba2de90 
[2024-09-12 16:56:52,197][HYDRA] 	#40 : activation=sqr loss_func=mse num_epochs=10000 weight_decay=1e-05 hidden_size=1024 learning_rate=0.01 M=127 test_size=0.1 save_interval=100 seed=1 +run_name=09-12_16-56 +githash=ba2de90 
[2024-09-12 16:56:52,202][HYDRA] 	#41 : activation=sqr loss_func=mse num_epochs=10000 weight_decay=1e-05 hidden_size=1024 learning_rate=0.01 M=127 test_size=0.1 save_interval=100 seed=2 +run_name=09-12_16-56 +githash=ba2de90 
[2024-09-12 16:56:52,207][HYDRA] 	#42 : activation=sqr loss_func=mse num_epochs=10000 weight_decay=1e-05 hidden_size=1024 learning_rate=0.01 M=127 test_size=0.1 save_interval=100 seed=3 +run_name=09-12_16-56 +githash=ba2de90 
[2024-09-12 16:56:52,214][HYDRA] 	#43 : activation=sqr loss_func=mse num_epochs=10000 weight_decay=1e-05 hidden_size=1024 learning_rate=0.01 M=127 test_size=0.1 save_interval=100 seed=4 +run_name=09-12_16-56 +githash=ba2de90 
[2024-09-12 16:56:52,220][HYDRA] 	#44 : activation=sqr loss_func=mse num_epochs=10000 weight_decay=1e-05 hidden_size=1024 learning_rate=0.01 M=127 test_size=0.1 save_interval=100 seed=5 +run_name=09-12_16-56 +githash=ba2de90 
[2024-09-12 16:56:52,226][HYDRA] 	#45 : activation=sqr loss_func=mse num_epochs=10000 weight_decay=1e-05 hidden_size=2048 learning_rate=0.01 M=23 test_size=0.1 save_interval=100 seed=1 +run_name=09-12_16-56 +githash=ba2de90 
[2024-09-12 16:56:52,233][HYDRA] 	#46 : activation=sqr loss_func=mse num_epochs=10000 weight_decay=1e-05 hidden_size=2048 learning_rate=0.01 M=23 test_size=0.1 save_interval=100 seed=2 +run_name=09-12_16-56 +githash=ba2de90 
[2024-09-12 16:56:52,240][HYDRA] 	#47 : activation=sqr loss_func=mse num_epochs=10000 weight_decay=1e-05 hidden_size=2048 learning_rate=0.01 M=23 test_size=0.1 save_interval=100 seed=3 +run_name=09-12_16-56 +githash=ba2de90 
[2024-09-12 16:56:52,249][HYDRA] 	#48 : activation=sqr loss_func=mse num_epochs=10000 weight_decay=1e-05 hidden_size=2048 learning_rate=0.01 M=23 test_size=0.1 save_interval=100 seed=4 +run_name=09-12_16-56 +githash=ba2de90 
[2024-09-12 16:56:52,260][HYDRA] 	#49 : activation=sqr loss_func=mse num_epochs=10000 weight_decay=1e-05 hidden_size=2048 learning_rate=0.01 M=23 test_size=0.1 save_interval=100 seed=5 +run_name=09-12_16-56 +githash=ba2de90 
[2024-09-12 16:56:52,271][HYDRA] 	#50 : activation=sqr loss_func=mse num_epochs=10000 weight_decay=1e-05 hidden_size=2048 learning_rate=0.01 M=71 test_size=0.1 save_interval=100 seed=1 +run_name=09-12_16-56 +githash=ba2de90 
[2024-09-12 16:56:52,281][HYDRA] 	#51 : activation=sqr loss_func=mse num_epochs=10000 weight_decay=1e-05 hidden_size=2048 learning_rate=0.01 M=71 test_size=0.1 save_interval=100 seed=2 +run_name=09-12_16-56 +githash=ba2de90 
[2024-09-12 16:56:52,292][HYDRA] 	#52 : activation=sqr loss_func=mse num_epochs=10000 weight_decay=1e-05 hidden_size=2048 learning_rate=0.01 M=71 test_size=0.1 save_interval=100 seed=3 +run_name=09-12_16-56 +githash=ba2de90 
[2024-09-12 16:56:52,302][HYDRA] 	#53 : activation=sqr loss_func=mse num_epochs=10000 weight_decay=1e-05 hidden_size=2048 learning_rate=0.01 M=71 test_size=0.1 save_interval=100 seed=4 +run_name=09-12_16-56 +githash=ba2de90 
[2024-09-12 16:56:52,313][HYDRA] 	#54 : activation=sqr loss_func=mse num_epochs=10000 weight_decay=1e-05 hidden_size=2048 learning_rate=0.01 M=71 test_size=0.1 save_interval=100 seed=5 +run_name=09-12_16-56 +githash=ba2de90 
[2024-09-12 16:56:52,323][HYDRA] 	#55 : activation=sqr loss_func=mse num_epochs=10000 weight_decay=1e-05 hidden_size=2048 learning_rate=0.01 M=127 test_size=0.1 save_interval=100 seed=1 +run_name=09-12_16-56 +githash=ba2de90 
[2024-09-12 16:56:52,333][HYDRA] 	#56 : activation=sqr loss_func=mse num_epochs=10000 weight_decay=1e-05 hidden_size=2048 learning_rate=0.01 M=127 test_size=0.1 save_interval=100 seed=2 +run_name=09-12_16-56 +githash=ba2de90 
[2024-09-12 16:56:52,344][HYDRA] 	#57 : activation=sqr loss_func=mse num_epochs=10000 weight_decay=1e-05 hidden_size=2048 learning_rate=0.01 M=127 test_size=0.1 save_interval=100 seed=3 +run_name=09-12_16-56 +githash=ba2de90 
[2024-09-12 16:56:52,354][HYDRA] 	#58 : activation=sqr loss_func=mse num_epochs=10000 weight_decay=1e-05 hidden_size=2048 learning_rate=0.01 M=127 test_size=0.1 save_interval=100 seed=4 +run_name=09-12_16-56 +githash=ba2de90 
[2024-09-12 16:56:52,366][HYDRA] 	#59 : activation=sqr loss_func=mse num_epochs=10000 weight_decay=1e-05 hidden_size=2048 learning_rate=0.01 M=127 test_size=0.1 save_interval=100 seed=5 +run_name=09-12_16-56 +githash=ba2de90 
[2024-09-12 16:56:52,377][HYDRA] 	#60 : activation=sqr loss_func=mse num_epochs=10000 weight_decay=5e-05 hidden_size=256 learning_rate=0.01 M=23 test_size=0.1 save_interval=100 seed=1 +run_name=09-12_16-56 +githash=ba2de90 
[2024-09-12 16:56:52,393][HYDRA] 	#61 : activation=sqr loss_func=mse num_epochs=10000 weight_decay=5e-05 hidden_size=256 learning_rate=0.01 M=23 test_size=0.1 save_interval=100 seed=2 +run_name=09-12_16-56 +githash=ba2de90 
[2024-09-12 16:56:52,399][HYDRA] 	#62 : activation=sqr loss_func=mse num_epochs=10000 weight_decay=5e-05 hidden_size=256 learning_rate=0.01 M=23 test_size=0.1 save_interval=100 seed=3 +run_name=09-12_16-56 +githash=ba2de90 
[2024-09-12 16:56:52,408][HYDRA] 	#63 : activation=sqr loss_func=mse num_epochs=10000 weight_decay=5e-05 hidden_size=256 learning_rate=0.01 M=23 test_size=0.1 save_interval=100 seed=4 +run_name=09-12_16-56 +githash=ba2de90 
[2024-09-12 16:56:52,418][HYDRA] 	#64 : activation=sqr loss_func=mse num_epochs=10000 weight_decay=5e-05 hidden_size=256 learning_rate=0.01 M=23 test_size=0.1 save_interval=100 seed=5 +run_name=09-12_16-56 +githash=ba2de90 
[2024-09-12 16:56:52,429][HYDRA] 	#65 : activation=sqr loss_func=mse num_epochs=10000 weight_decay=5e-05 hidden_size=256 learning_rate=0.01 M=71 test_size=0.1 save_interval=100 seed=1 +run_name=09-12_16-56 +githash=ba2de90 
[2024-09-12 16:56:52,440][HYDRA] 	#66 : activation=sqr loss_func=mse num_epochs=10000 weight_decay=5e-05 hidden_size=256 learning_rate=0.01 M=71 test_size=0.1 save_interval=100 seed=2 +run_name=09-12_16-56 +githash=ba2de90 
[2024-09-12 16:56:52,450][HYDRA] 	#67 : activation=sqr loss_func=mse num_epochs=10000 weight_decay=5e-05 hidden_size=256 learning_rate=0.01 M=71 test_size=0.1 save_interval=100 seed=3 +run_name=09-12_16-56 +githash=ba2de90 
[2024-09-12 16:56:52,461][HYDRA] 	#68 : activation=sqr loss_func=mse num_epochs=10000 weight_decay=5e-05 hidden_size=256 learning_rate=0.01 M=71 test_size=0.1 save_interval=100 seed=4 +run_name=09-12_16-56 +githash=ba2de90 
[2024-09-12 16:56:52,471][HYDRA] 	#69 : activation=sqr loss_func=mse num_epochs=10000 weight_decay=5e-05 hidden_size=256 learning_rate=0.01 M=71 test_size=0.1 save_interval=100 seed=5 +run_name=09-12_16-56 +githash=ba2de90 
[2024-09-12 16:56:52,483][HYDRA] 	#70 : activation=sqr loss_func=mse num_epochs=10000 weight_decay=5e-05 hidden_size=256 learning_rate=0.01 M=127 test_size=0.1 save_interval=100 seed=1 +run_name=09-12_16-56 +githash=ba2de90 
[2024-09-12 16:56:52,493][HYDRA] 	#71 : activation=sqr loss_func=mse num_epochs=10000 weight_decay=5e-05 hidden_size=256 learning_rate=0.01 M=127 test_size=0.1 save_interval=100 seed=2 +run_name=09-12_16-56 +githash=ba2de90 
[2024-09-12 16:56:52,504][HYDRA] 	#72 : activation=sqr loss_func=mse num_epochs=10000 weight_decay=5e-05 hidden_size=256 learning_rate=0.01 M=127 test_size=0.1 save_interval=100 seed=3 +run_name=09-12_16-56 +githash=ba2de90 
[2024-09-12 16:56:52,514][HYDRA] 	#73 : activation=sqr loss_func=mse num_epochs=10000 weight_decay=5e-05 hidden_size=256 learning_rate=0.01 M=127 test_size=0.1 save_interval=100 seed=4 +run_name=09-12_16-56 +githash=ba2de90 
[2024-09-12 16:56:52,525][HYDRA] 	#74 : activation=sqr loss_func=mse num_epochs=10000 weight_decay=5e-05 hidden_size=256 learning_rate=0.01 M=127 test_size=0.1 save_interval=100 seed=5 +run_name=09-12_16-56 +githash=ba2de90 
[2024-09-12 16:56:52,535][HYDRA] 	#75 : activation=sqr loss_func=mse num_epochs=10000 weight_decay=5e-05 hidden_size=512 learning_rate=0.01 M=23 test_size=0.1 save_interval=100 seed=1 +run_name=09-12_16-56 +githash=ba2de90 
[2024-09-12 16:56:52,547][HYDRA] 	#76 : activation=sqr loss_func=mse num_epochs=10000 weight_decay=5e-05 hidden_size=512 learning_rate=0.01 M=23 test_size=0.1 save_interval=100 seed=2 +run_name=09-12_16-56 +githash=ba2de90 
[2024-09-12 16:56:52,555][HYDRA] 	#77 : activation=sqr loss_func=mse num_epochs=10000 weight_decay=5e-05 hidden_size=512 learning_rate=0.01 M=23 test_size=0.1 save_interval=100 seed=3 +run_name=09-12_16-56 +githash=ba2de90 
[2024-09-12 16:56:52,562][HYDRA] 	#78 : activation=sqr loss_func=mse num_epochs=10000 weight_decay=5e-05 hidden_size=512 learning_rate=0.01 M=23 test_size=0.1 save_interval=100 seed=4 +run_name=09-12_16-56 +githash=ba2de90 
[2024-09-12 16:56:52,568][HYDRA] 	#79 : activation=sqr loss_func=mse num_epochs=10000 weight_decay=5e-05 hidden_size=512 learning_rate=0.01 M=23 test_size=0.1 save_interval=100 seed=5 +run_name=09-12_16-56 +githash=ba2de90 
[2024-09-12 16:56:52,576][HYDRA] 	#80 : activation=sqr loss_func=mse num_epochs=10000 weight_decay=5e-05 hidden_size=512 learning_rate=0.01 M=71 test_size=0.1 save_interval=100 seed=1 +run_name=09-12_16-56 +githash=ba2de90 
[2024-09-12 16:56:52,583][HYDRA] 	#81 : activation=sqr loss_func=mse num_epochs=10000 weight_decay=5e-05 hidden_size=512 learning_rate=0.01 M=71 test_size=0.1 save_interval=100 seed=2 +run_name=09-12_16-56 +githash=ba2de90 
[2024-09-12 16:56:52,589][HYDRA] 	#82 : activation=sqr loss_func=mse num_epochs=10000 weight_decay=5e-05 hidden_size=512 learning_rate=0.01 M=71 test_size=0.1 save_interval=100 seed=3 +run_name=09-12_16-56 +githash=ba2de90 
[2024-09-12 16:56:52,596][HYDRA] 	#83 : activation=sqr loss_func=mse num_epochs=10000 weight_decay=5e-05 hidden_size=512 learning_rate=0.01 M=71 test_size=0.1 save_interval=100 seed=4 +run_name=09-12_16-56 +githash=ba2de90 
[2024-09-12 16:56:52,603][HYDRA] 	#84 : activation=sqr loss_func=mse num_epochs=10000 weight_decay=5e-05 hidden_size=512 learning_rate=0.01 M=71 test_size=0.1 save_interval=100 seed=5 +run_name=09-12_16-56 +githash=ba2de90 
[2024-09-12 16:56:52,609][HYDRA] 	#85 : activation=sqr loss_func=mse num_epochs=10000 weight_decay=5e-05 hidden_size=512 learning_rate=0.01 M=127 test_size=0.1 save_interval=100 seed=1 +run_name=09-12_16-56 +githash=ba2de90 
[2024-09-12 16:56:52,617][HYDRA] 	#86 : activation=sqr loss_func=mse num_epochs=10000 weight_decay=5e-05 hidden_size=512 learning_rate=0.01 M=127 test_size=0.1 save_interval=100 seed=2 +run_name=09-12_16-56 +githash=ba2de90 
[2024-09-12 16:56:52,624][HYDRA] 	#87 : activation=sqr loss_func=mse num_epochs=10000 weight_decay=5e-05 hidden_size=512 learning_rate=0.01 M=127 test_size=0.1 save_interval=100 seed=3 +run_name=09-12_16-56 +githash=ba2de90 
[2024-09-12 16:56:52,630][HYDRA] 	#88 : activation=sqr loss_func=mse num_epochs=10000 weight_decay=5e-05 hidden_size=512 learning_rate=0.01 M=127 test_size=0.1 save_interval=100 seed=4 +run_name=09-12_16-56 +githash=ba2de90 
[2024-09-12 16:56:52,637][HYDRA] 	#89 : activation=sqr loss_func=mse num_epochs=10000 weight_decay=5e-05 hidden_size=512 learning_rate=0.01 M=127 test_size=0.1 save_interval=100 seed=5 +run_name=09-12_16-56 +githash=ba2de90 
[2024-09-12 16:56:52,644][HYDRA] 	#90 : activation=sqr loss_func=mse num_epochs=10000 weight_decay=5e-05 hidden_size=1024 learning_rate=0.01 M=23 test_size=0.1 save_interval=100 seed=1 +run_name=09-12_16-56 +githash=ba2de90 
[2024-09-12 16:56:52,651][HYDRA] 	#91 : activation=sqr loss_func=mse num_epochs=10000 weight_decay=5e-05 hidden_size=1024 learning_rate=0.01 M=23 test_size=0.1 save_interval=100 seed=2 +run_name=09-12_16-56 +githash=ba2de90 
[2024-09-12 16:56:52,657][HYDRA] 	#92 : activation=sqr loss_func=mse num_epochs=10000 weight_decay=5e-05 hidden_size=1024 learning_rate=0.01 M=23 test_size=0.1 save_interval=100 seed=3 +run_name=09-12_16-56 +githash=ba2de90 
[2024-09-12 16:56:52,666][HYDRA] 	#93 : activation=sqr loss_func=mse num_epochs=10000 weight_decay=5e-05 hidden_size=1024 learning_rate=0.01 M=23 test_size=0.1 save_interval=100 seed=4 +run_name=09-12_16-56 +githash=ba2de90 
[2024-09-12 16:56:52,676][HYDRA] 	#94 : activation=sqr loss_func=mse num_epochs=10000 weight_decay=5e-05 hidden_size=1024 learning_rate=0.01 M=23 test_size=0.1 save_interval=100 seed=5 +run_name=09-12_16-56 +githash=ba2de90 
[2024-09-12 16:56:52,682][HYDRA] 	#95 : activation=sqr loss_func=mse num_epochs=10000 weight_decay=5e-05 hidden_size=1024 learning_rate=0.01 M=71 test_size=0.1 save_interval=100 seed=1 +run_name=09-12_16-56 +githash=ba2de90 
[2024-09-12 16:56:52,688][HYDRA] 	#96 : activation=sqr loss_func=mse num_epochs=10000 weight_decay=5e-05 hidden_size=1024 learning_rate=0.01 M=71 test_size=0.1 save_interval=100 seed=2 +run_name=09-12_16-56 +githash=ba2de90 
[2024-09-12 16:56:52,694][HYDRA] 	#97 : activation=sqr loss_func=mse num_epochs=10000 weight_decay=5e-05 hidden_size=1024 learning_rate=0.01 M=71 test_size=0.1 save_interval=100 seed=3 +run_name=09-12_16-56 +githash=ba2de90 
[2024-09-12 16:56:52,700][HYDRA] 	#98 : activation=sqr loss_func=mse num_epochs=10000 weight_decay=5e-05 hidden_size=1024 learning_rate=0.01 M=71 test_size=0.1 save_interval=100 seed=4 +run_name=09-12_16-56 +githash=ba2de90 
[2024-09-12 16:56:52,705][HYDRA] 	#99 : activation=sqr loss_func=mse num_epochs=10000 weight_decay=5e-05 hidden_size=1024 learning_rate=0.01 M=71 test_size=0.1 save_interval=100 seed=5 +run_name=09-12_16-56 +githash=ba2de90 
[2024-09-12 16:56:52,710][HYDRA] 	#100 : activation=sqr loss_func=mse num_epochs=10000 weight_decay=5e-05 hidden_size=1024 learning_rate=0.01 M=127 test_size=0.1 save_interval=100 seed=1 +run_name=09-12_16-56 +githash=ba2de90 
[2024-09-12 16:56:52,717][HYDRA] 	#101 : activation=sqr loss_func=mse num_epochs=10000 weight_decay=5e-05 hidden_size=1024 learning_rate=0.01 M=127 test_size=0.1 save_interval=100 seed=2 +run_name=09-12_16-56 +githash=ba2de90 
[2024-09-12 16:56:52,724][HYDRA] 	#102 : activation=sqr loss_func=mse num_epochs=10000 weight_decay=5e-05 hidden_size=1024 learning_rate=0.01 M=127 test_size=0.1 save_interval=100 seed=3 +run_name=09-12_16-56 +githash=ba2de90 
[2024-09-12 16:56:52,730][HYDRA] 	#103 : activation=sqr loss_func=mse num_epochs=10000 weight_decay=5e-05 hidden_size=1024 learning_rate=0.01 M=127 test_size=0.1 save_interval=100 seed=4 +run_name=09-12_16-56 +githash=ba2de90 
[2024-09-12 16:56:52,737][HYDRA] 	#104 : activation=sqr loss_func=mse num_epochs=10000 weight_decay=5e-05 hidden_size=1024 learning_rate=0.01 M=127 test_size=0.1 save_interval=100 seed=5 +run_name=09-12_16-56 +githash=ba2de90 
[2024-09-12 16:56:52,744][HYDRA] 	#105 : activation=sqr loss_func=mse num_epochs=10000 weight_decay=5e-05 hidden_size=2048 learning_rate=0.01 M=23 test_size=0.1 save_interval=100 seed=1 +run_name=09-12_16-56 +githash=ba2de90 
[2024-09-12 16:56:52,750][HYDRA] 	#106 : activation=sqr loss_func=mse num_epochs=10000 weight_decay=5e-05 hidden_size=2048 learning_rate=0.01 M=23 test_size=0.1 save_interval=100 seed=2 +run_name=09-12_16-56 +githash=ba2de90 
[2024-09-12 16:56:52,757][HYDRA] 	#107 : activation=sqr loss_func=mse num_epochs=10000 weight_decay=5e-05 hidden_size=2048 learning_rate=0.01 M=23 test_size=0.1 save_interval=100 seed=3 +run_name=09-12_16-56 +githash=ba2de90 
[2024-09-12 16:56:52,764][HYDRA] 	#108 : activation=sqr loss_func=mse num_epochs=10000 weight_decay=5e-05 hidden_size=2048 learning_rate=0.01 M=23 test_size=0.1 save_interval=100 seed=4 +run_name=09-12_16-56 +githash=ba2de90 
[2024-09-12 16:56:52,770][HYDRA] 	#109 : activation=sqr loss_func=mse num_epochs=10000 weight_decay=5e-05 hidden_size=2048 learning_rate=0.01 M=23 test_size=0.1 save_interval=100 seed=5 +run_name=09-12_16-56 +githash=ba2de90 
[2024-09-12 16:56:52,777][HYDRA] 	#110 : activation=sqr loss_func=mse num_epochs=10000 weight_decay=5e-05 hidden_size=2048 learning_rate=0.01 M=71 test_size=0.1 save_interval=100 seed=1 +run_name=09-12_16-56 +githash=ba2de90 
[2024-09-12 16:56:52,784][HYDRA] 	#111 : activation=sqr loss_func=mse num_epochs=10000 weight_decay=5e-05 hidden_size=2048 learning_rate=0.01 M=71 test_size=0.1 save_interval=100 seed=2 +run_name=09-12_16-56 +githash=ba2de90 
[2024-09-12 16:56:52,791][HYDRA] 	#112 : activation=sqr loss_func=mse num_epochs=10000 weight_decay=5e-05 hidden_size=2048 learning_rate=0.01 M=71 test_size=0.1 save_interval=100 seed=3 +run_name=09-12_16-56 +githash=ba2de90 
[2024-09-12 16:56:52,797][HYDRA] 	#113 : activation=sqr loss_func=mse num_epochs=10000 weight_decay=5e-05 hidden_size=2048 learning_rate=0.01 M=71 test_size=0.1 save_interval=100 seed=4 +run_name=09-12_16-56 +githash=ba2de90 
[2024-09-12 16:56:52,804][HYDRA] 	#114 : activation=sqr loss_func=mse num_epochs=10000 weight_decay=5e-05 hidden_size=2048 learning_rate=0.01 M=71 test_size=0.1 save_interval=100 seed=5 +run_name=09-12_16-56 +githash=ba2de90 
[2024-09-12 16:56:52,811][HYDRA] 	#115 : activation=sqr loss_func=mse num_epochs=10000 weight_decay=5e-05 hidden_size=2048 learning_rate=0.01 M=127 test_size=0.1 save_interval=100 seed=1 +run_name=09-12_16-56 +githash=ba2de90 
[2024-09-12 16:56:52,817][HYDRA] 	#116 : activation=sqr loss_func=mse num_epochs=10000 weight_decay=5e-05 hidden_size=2048 learning_rate=0.01 M=127 test_size=0.1 save_interval=100 seed=2 +run_name=09-12_16-56 +githash=ba2de90 
[2024-09-12 16:56:52,824][HYDRA] 	#117 : activation=sqr loss_func=mse num_epochs=10000 weight_decay=5e-05 hidden_size=2048 learning_rate=0.01 M=127 test_size=0.1 save_interval=100 seed=3 +run_name=09-12_16-56 +githash=ba2de90 
[2024-09-12 16:56:52,830][HYDRA] 	#118 : activation=sqr loss_func=mse num_epochs=10000 weight_decay=5e-05 hidden_size=2048 learning_rate=0.01 M=127 test_size=0.1 save_interval=100 seed=4 +run_name=09-12_16-56 +githash=ba2de90 
[2024-09-12 16:56:52,837][HYDRA] 	#119 : activation=sqr loss_func=mse num_epochs=10000 weight_decay=5e-05 hidden_size=2048 learning_rate=0.01 M=127 test_size=0.1 save_interval=100 seed=5 +run_name=09-12_16-56 +githash=ba2de90 
[2024-09-12 16:56:52,844][HYDRA] 	#120 : activation=sqr loss_func=mse num_epochs=10000 weight_decay=0.0001 hidden_size=256 learning_rate=0.01 M=23 test_size=0.1 save_interval=100 seed=1 +run_name=09-12_16-56 +githash=ba2de90 
[2024-09-12 16:56:52,851][HYDRA] 	#121 : activation=sqr loss_func=mse num_epochs=10000 weight_decay=0.0001 hidden_size=256 learning_rate=0.01 M=23 test_size=0.1 save_interval=100 seed=2 +run_name=09-12_16-56 +githash=ba2de90 
[2024-09-12 16:56:52,906][HYDRA] 	#122 : activation=sqr loss_func=mse num_epochs=10000 weight_decay=0.0001 hidden_size=256 learning_rate=0.01 M=23 test_size=0.1 save_interval=100 seed=3 +run_name=09-12_16-56 +githash=ba2de90 
[2024-09-12 16:56:52,912][HYDRA] 	#123 : activation=sqr loss_func=mse num_epochs=10000 weight_decay=0.0001 hidden_size=256 learning_rate=0.01 M=23 test_size=0.1 save_interval=100 seed=4 +run_name=09-12_16-56 +githash=ba2de90 
[2024-09-12 16:56:52,919][HYDRA] 	#124 : activation=sqr loss_func=mse num_epochs=10000 weight_decay=0.0001 hidden_size=256 learning_rate=0.01 M=23 test_size=0.1 save_interval=100 seed=5 +run_name=09-12_16-56 +githash=ba2de90 
[2024-09-12 16:56:52,927][HYDRA] 	#125 : activation=sqr loss_func=mse num_epochs=10000 weight_decay=0.0001 hidden_size=256 learning_rate=0.01 M=71 test_size=0.1 save_interval=100 seed=1 +run_name=09-12_16-56 +githash=ba2de90 
[2024-09-12 16:56:52,935][HYDRA] 	#126 : activation=sqr loss_func=mse num_epochs=10000 weight_decay=0.0001 hidden_size=256 learning_rate=0.01 M=71 test_size=0.1 save_interval=100 seed=2 +run_name=09-12_16-56 +githash=ba2de90 
[2024-09-12 16:56:52,941][HYDRA] 	#127 : activation=sqr loss_func=mse num_epochs=10000 weight_decay=0.0001 hidden_size=256 learning_rate=0.01 M=71 test_size=0.1 save_interval=100 seed=3 +run_name=09-12_16-56 +githash=ba2de90 
[2024-09-12 16:56:52,948][HYDRA] 	#128 : activation=sqr loss_func=mse num_epochs=10000 weight_decay=0.0001 hidden_size=256 learning_rate=0.01 M=71 test_size=0.1 save_interval=100 seed=4 +run_name=09-12_16-56 +githash=ba2de90 
[2024-09-12 16:56:52,955][HYDRA] 	#129 : activation=sqr loss_func=mse num_epochs=10000 weight_decay=0.0001 hidden_size=256 learning_rate=0.01 M=71 test_size=0.1 save_interval=100 seed=5 +run_name=09-12_16-56 +githash=ba2de90 
[2024-09-12 16:56:52,962][HYDRA] 	#130 : activation=sqr loss_func=mse num_epochs=10000 weight_decay=0.0001 hidden_size=256 learning_rate=0.01 M=127 test_size=0.1 save_interval=100 seed=1 +run_name=09-12_16-56 +githash=ba2de90 
[2024-09-12 16:56:52,968][HYDRA] 	#131 : activation=sqr loss_func=mse num_epochs=10000 weight_decay=0.0001 hidden_size=256 learning_rate=0.01 M=127 test_size=0.1 save_interval=100 seed=2 +run_name=09-12_16-56 +githash=ba2de90 
[2024-09-12 16:56:52,977][HYDRA] 	#132 : activation=sqr loss_func=mse num_epochs=10000 weight_decay=0.0001 hidden_size=256 learning_rate=0.01 M=127 test_size=0.1 save_interval=100 seed=3 +run_name=09-12_16-56 +githash=ba2de90 
[2024-09-12 16:56:52,987][HYDRA] 	#133 : activation=sqr loss_func=mse num_epochs=10000 weight_decay=0.0001 hidden_size=256 learning_rate=0.01 M=127 test_size=0.1 save_interval=100 seed=4 +run_name=09-12_16-56 +githash=ba2de90 
[2024-09-12 16:56:52,995][HYDRA] 	#134 : activation=sqr loss_func=mse num_epochs=10000 weight_decay=0.0001 hidden_size=256 learning_rate=0.01 M=127 test_size=0.1 save_interval=100 seed=5 +run_name=09-12_16-56 +githash=ba2de90 
[2024-09-12 16:56:53,000][HYDRA] 	#135 : activation=sqr loss_func=mse num_epochs=10000 weight_decay=0.0001 hidden_size=512 learning_rate=0.01 M=23 test_size=0.1 save_interval=100 seed=1 +run_name=09-12_16-56 +githash=ba2de90 
[2024-09-12 16:56:53,007][HYDRA] 	#136 : activation=sqr loss_func=mse num_epochs=10000 weight_decay=0.0001 hidden_size=512 learning_rate=0.01 M=23 test_size=0.1 save_interval=100 seed=2 +run_name=09-12_16-56 +githash=ba2de90 
[2024-09-12 16:56:53,013][HYDRA] 	#137 : activation=sqr loss_func=mse num_epochs=10000 weight_decay=0.0001 hidden_size=512 learning_rate=0.01 M=23 test_size=0.1 save_interval=100 seed=3 +run_name=09-12_16-56 +githash=ba2de90 
[2024-09-12 16:56:53,020][HYDRA] 	#138 : activation=sqr loss_func=mse num_epochs=10000 weight_decay=0.0001 hidden_size=512 learning_rate=0.01 M=23 test_size=0.1 save_interval=100 seed=4 +run_name=09-12_16-56 +githash=ba2de90 
[2024-09-12 16:56:53,027][HYDRA] 	#139 : activation=sqr loss_func=mse num_epochs=10000 weight_decay=0.0001 hidden_size=512 learning_rate=0.01 M=23 test_size=0.1 save_interval=100 seed=5 +run_name=09-12_16-56 +githash=ba2de90 
[2024-09-12 16:56:53,034][HYDRA] 	#140 : activation=sqr loss_func=mse num_epochs=10000 weight_decay=0.0001 hidden_size=512 learning_rate=0.01 M=71 test_size=0.1 save_interval=100 seed=1 +run_name=09-12_16-56 +githash=ba2de90 
[2024-09-12 16:56:53,041][HYDRA] 	#141 : activation=sqr loss_func=mse num_epochs=10000 weight_decay=0.0001 hidden_size=512 learning_rate=0.01 M=71 test_size=0.1 save_interval=100 seed=2 +run_name=09-12_16-56 +githash=ba2de90 
[2024-09-12 16:56:53,047][HYDRA] 	#142 : activation=sqr loss_func=mse num_epochs=10000 weight_decay=0.0001 hidden_size=512 learning_rate=0.01 M=71 test_size=0.1 save_interval=100 seed=3 +run_name=09-12_16-56 +githash=ba2de90 
[2024-09-12 16:56:53,054][HYDRA] 	#143 : activation=sqr loss_func=mse num_epochs=10000 weight_decay=0.0001 hidden_size=512 learning_rate=0.01 M=71 test_size=0.1 save_interval=100 seed=4 +run_name=09-12_16-56 +githash=ba2de90 
[2024-09-12 16:56:53,060][HYDRA] 	#144 : activation=sqr loss_func=mse num_epochs=10000 weight_decay=0.0001 hidden_size=512 learning_rate=0.01 M=71 test_size=0.1 save_interval=100 seed=5 +run_name=09-12_16-56 +githash=ba2de90 
[2024-09-12 16:56:53,067][HYDRA] 	#145 : activation=sqr loss_func=mse num_epochs=10000 weight_decay=0.0001 hidden_size=512 learning_rate=0.01 M=127 test_size=0.1 save_interval=100 seed=1 +run_name=09-12_16-56 +githash=ba2de90 
[2024-09-12 16:56:53,074][HYDRA] 	#146 : activation=sqr loss_func=mse num_epochs=10000 weight_decay=0.0001 hidden_size=512 learning_rate=0.01 M=127 test_size=0.1 save_interval=100 seed=2 +run_name=09-12_16-56 +githash=ba2de90 
[2024-09-12 16:56:53,080][HYDRA] 	#147 : activation=sqr loss_func=mse num_epochs=10000 weight_decay=0.0001 hidden_size=512 learning_rate=0.01 M=127 test_size=0.1 save_interval=100 seed=3 +run_name=09-12_16-56 +githash=ba2de90 
[2024-09-12 16:56:53,087][HYDRA] 	#148 : activation=sqr loss_func=mse num_epochs=10000 weight_decay=0.0001 hidden_size=512 learning_rate=0.01 M=127 test_size=0.1 save_interval=100 seed=4 +run_name=09-12_16-56 +githash=ba2de90 
[2024-09-12 16:56:53,093][HYDRA] 	#149 : activation=sqr loss_func=mse num_epochs=10000 weight_decay=0.0001 hidden_size=512 learning_rate=0.01 M=127 test_size=0.1 save_interval=100 seed=5 +run_name=09-12_16-56 +githash=ba2de90 
[2024-09-12 16:56:53,101][HYDRA] 	#150 : activation=sqr loss_func=mse num_epochs=10000 weight_decay=0.0001 hidden_size=1024 learning_rate=0.01 M=23 test_size=0.1 save_interval=100 seed=1 +run_name=09-12_16-56 +githash=ba2de90 
[2024-09-12 16:56:53,107][HYDRA] 	#151 : activation=sqr loss_func=mse num_epochs=10000 weight_decay=0.0001 hidden_size=1024 learning_rate=0.01 M=23 test_size=0.1 save_interval=100 seed=2 +run_name=09-12_16-56 +githash=ba2de90 
[2024-09-12 16:56:53,114][HYDRA] 	#152 : activation=sqr loss_func=mse num_epochs=10000 weight_decay=0.0001 hidden_size=1024 learning_rate=0.01 M=23 test_size=0.1 save_interval=100 seed=3 +run_name=09-12_16-56 +githash=ba2de90 
[2024-09-12 16:56:53,121][HYDRA] 	#153 : activation=sqr loss_func=mse num_epochs=10000 weight_decay=0.0001 hidden_size=1024 learning_rate=0.01 M=23 test_size=0.1 save_interval=100 seed=4 +run_name=09-12_16-56 +githash=ba2de90 
[2024-09-12 16:56:53,127][HYDRA] 	#154 : activation=sqr loss_func=mse num_epochs=10000 weight_decay=0.0001 hidden_size=1024 learning_rate=0.01 M=23 test_size=0.1 save_interval=100 seed=5 +run_name=09-12_16-56 +githash=ba2de90 
[2024-09-12 16:56:53,134][HYDRA] 	#155 : activation=sqr loss_func=mse num_epochs=10000 weight_decay=0.0001 hidden_size=1024 learning_rate=0.01 M=71 test_size=0.1 save_interval=100 seed=1 +run_name=09-12_16-56 +githash=ba2de90 
[2024-09-12 16:56:53,141][HYDRA] 	#156 : activation=sqr loss_func=mse num_epochs=10000 weight_decay=0.0001 hidden_size=1024 learning_rate=0.01 M=71 test_size=0.1 save_interval=100 seed=2 +run_name=09-12_16-56 +githash=ba2de90 
[2024-09-12 16:56:53,147][HYDRA] 	#157 : activation=sqr loss_func=mse num_epochs=10000 weight_decay=0.0001 hidden_size=1024 learning_rate=0.01 M=71 test_size=0.1 save_interval=100 seed=3 +run_name=09-12_16-56 +githash=ba2de90 
[2024-09-12 16:56:53,154][HYDRA] 	#158 : activation=sqr loss_func=mse num_epochs=10000 weight_decay=0.0001 hidden_size=1024 learning_rate=0.01 M=71 test_size=0.1 save_interval=100 seed=4 +run_name=09-12_16-56 +githash=ba2de90 
[2024-09-12 16:56:53,160][HYDRA] 	#159 : activation=sqr loss_func=mse num_epochs=10000 weight_decay=0.0001 hidden_size=1024 learning_rate=0.01 M=71 test_size=0.1 save_interval=100 seed=5 +run_name=09-12_16-56 +githash=ba2de90 
[2024-09-12 16:56:53,167][HYDRA] 	#160 : activation=sqr loss_func=mse num_epochs=10000 weight_decay=0.0001 hidden_size=1024 learning_rate=0.01 M=127 test_size=0.1 save_interval=100 seed=1 +run_name=09-12_16-56 +githash=ba2de90 
[2024-09-12 16:56:53,174][HYDRA] 	#161 : activation=sqr loss_func=mse num_epochs=10000 weight_decay=0.0001 hidden_size=1024 learning_rate=0.01 M=127 test_size=0.1 save_interval=100 seed=2 +run_name=09-12_16-56 +githash=ba2de90 
[2024-09-12 16:56:53,181][HYDRA] 	#162 : activation=sqr loss_func=mse num_epochs=10000 weight_decay=0.0001 hidden_size=1024 learning_rate=0.01 M=127 test_size=0.1 save_interval=100 seed=3 +run_name=09-12_16-56 +githash=ba2de90 
[2024-09-12 16:56:53,188][HYDRA] 	#163 : activation=sqr loss_func=mse num_epochs=10000 weight_decay=0.0001 hidden_size=1024 learning_rate=0.01 M=127 test_size=0.1 save_interval=100 seed=4 +run_name=09-12_16-56 +githash=ba2de90 
[2024-09-12 16:56:53,194][HYDRA] 	#164 : activation=sqr loss_func=mse num_epochs=10000 weight_decay=0.0001 hidden_size=1024 learning_rate=0.01 M=127 test_size=0.1 save_interval=100 seed=5 +run_name=09-12_16-56 +githash=ba2de90 
[2024-09-12 16:56:53,201][HYDRA] 	#165 : activation=sqr loss_func=mse num_epochs=10000 weight_decay=0.0001 hidden_size=2048 learning_rate=0.01 M=23 test_size=0.1 save_interval=100 seed=1 +run_name=09-12_16-56 +githash=ba2de90 
[2024-09-12 16:56:53,208][HYDRA] 	#166 : activation=sqr loss_func=mse num_epochs=10000 weight_decay=0.0001 hidden_size=2048 learning_rate=0.01 M=23 test_size=0.1 save_interval=100 seed=2 +run_name=09-12_16-56 +githash=ba2de90 
[2024-09-12 16:56:53,214][HYDRA] 	#167 : activation=sqr loss_func=mse num_epochs=10000 weight_decay=0.0001 hidden_size=2048 learning_rate=0.01 M=23 test_size=0.1 save_interval=100 seed=3 +run_name=09-12_16-56 +githash=ba2de90 
[2024-09-12 16:56:53,221][HYDRA] 	#168 : activation=sqr loss_func=mse num_epochs=10000 weight_decay=0.0001 hidden_size=2048 learning_rate=0.01 M=23 test_size=0.1 save_interval=100 seed=4 +run_name=09-12_16-56 +githash=ba2de90 
[2024-09-12 16:56:53,228][HYDRA] 	#169 : activation=sqr loss_func=mse num_epochs=10000 weight_decay=0.0001 hidden_size=2048 learning_rate=0.01 M=23 test_size=0.1 save_interval=100 seed=5 +run_name=09-12_16-56 +githash=ba2de90 
[2024-09-12 16:56:53,234][HYDRA] 	#170 : activation=sqr loss_func=mse num_epochs=10000 weight_decay=0.0001 hidden_size=2048 learning_rate=0.01 M=71 test_size=0.1 save_interval=100 seed=1 +run_name=09-12_16-56 +githash=ba2de90 
[2024-09-12 16:56:53,242][HYDRA] 	#171 : activation=sqr loss_func=mse num_epochs=10000 weight_decay=0.0001 hidden_size=2048 learning_rate=0.01 M=71 test_size=0.1 save_interval=100 seed=2 +run_name=09-12_16-56 +githash=ba2de90 
[2024-09-12 16:56:53,248][HYDRA] 	#172 : activation=sqr loss_func=mse num_epochs=10000 weight_decay=0.0001 hidden_size=2048 learning_rate=0.01 M=71 test_size=0.1 save_interval=100 seed=3 +run_name=09-12_16-56 +githash=ba2de90 
[2024-09-12 16:56:53,255][HYDRA] 	#173 : activation=sqr loss_func=mse num_epochs=10000 weight_decay=0.0001 hidden_size=2048 learning_rate=0.01 M=71 test_size=0.1 save_interval=100 seed=4 +run_name=09-12_16-56 +githash=ba2de90 
[2024-09-12 16:56:53,261][HYDRA] 	#174 : activation=sqr loss_func=mse num_epochs=10000 weight_decay=0.0001 hidden_size=2048 learning_rate=0.01 M=71 test_size=0.1 save_interval=100 seed=5 +run_name=09-12_16-56 +githash=ba2de90 
[2024-09-12 16:56:53,270][HYDRA] 	#175 : activation=sqr loss_func=mse num_epochs=10000 weight_decay=0.0001 hidden_size=2048 learning_rate=0.01 M=127 test_size=0.1 save_interval=100 seed=1 +run_name=09-12_16-56 +githash=ba2de90 
[2024-09-12 16:56:53,279][HYDRA] 	#176 : activation=sqr loss_func=mse num_epochs=10000 weight_decay=0.0001 hidden_size=2048 learning_rate=0.01 M=127 test_size=0.1 save_interval=100 seed=2 +run_name=09-12_16-56 +githash=ba2de90 
[2024-09-12 16:56:53,288][HYDRA] 	#177 : activation=sqr loss_func=mse num_epochs=10000 weight_decay=0.0001 hidden_size=2048 learning_rate=0.01 M=127 test_size=0.1 save_interval=100 seed=3 +run_name=09-12_16-56 +githash=ba2de90 
[2024-09-12 16:56:53,293][HYDRA] 	#178 : activation=sqr loss_func=mse num_epochs=10000 weight_decay=0.0001 hidden_size=2048 learning_rate=0.01 M=127 test_size=0.1 save_interval=100 seed=4 +run_name=09-12_16-56 +githash=ba2de90 
[2024-09-12 16:56:53,300][HYDRA] 	#179 : activation=sqr loss_func=mse num_epochs=10000 weight_decay=0.0001 hidden_size=2048 learning_rate=0.01 M=127 test_size=0.1 save_interval=100 seed=5 +run_name=09-12_16-56 +githash=ba2de90 
[2024-09-12 16:56:53,306][HYDRA] 	#180 : activation=sqr loss_func=mse num_epochs=10000 weight_decay=0.0002 hidden_size=256 learning_rate=0.01 M=23 test_size=0.1 save_interval=100 seed=1 +run_name=09-12_16-56 +githash=ba2de90 
[2024-09-12 16:56:53,314][HYDRA] 	#181 : activation=sqr loss_func=mse num_epochs=10000 weight_decay=0.0002 hidden_size=256 learning_rate=0.01 M=23 test_size=0.1 save_interval=100 seed=2 +run_name=09-12_16-56 +githash=ba2de90 
[2024-09-12 16:56:53,320][HYDRA] 	#182 : activation=sqr loss_func=mse num_epochs=10000 weight_decay=0.0002 hidden_size=256 learning_rate=0.01 M=23 test_size=0.1 save_interval=100 seed=3 +run_name=09-12_16-56 +githash=ba2de90 
[2024-09-12 16:56:53,327][HYDRA] 	#183 : activation=sqr loss_func=mse num_epochs=10000 weight_decay=0.0002 hidden_size=256 learning_rate=0.01 M=23 test_size=0.1 save_interval=100 seed=4 +run_name=09-12_16-56 +githash=ba2de90 
[2024-09-12 16:56:53,334][HYDRA] 	#184 : activation=sqr loss_func=mse num_epochs=10000 weight_decay=0.0002 hidden_size=256 learning_rate=0.01 M=23 test_size=0.1 save_interval=100 seed=5 +run_name=09-12_16-56 +githash=ba2de90 
[2024-09-12 16:56:53,340][HYDRA] 	#185 : activation=sqr loss_func=mse num_epochs=10000 weight_decay=0.0002 hidden_size=256 learning_rate=0.01 M=71 test_size=0.1 save_interval=100 seed=1 +run_name=09-12_16-56 +githash=ba2de90 
[2024-09-12 16:56:53,347][HYDRA] 	#186 : activation=sqr loss_func=mse num_epochs=10000 weight_decay=0.0002 hidden_size=256 learning_rate=0.01 M=71 test_size=0.1 save_interval=100 seed=2 +run_name=09-12_16-56 +githash=ba2de90 
[2024-09-12 16:56:53,354][HYDRA] 	#187 : activation=sqr loss_func=mse num_epochs=10000 weight_decay=0.0002 hidden_size=256 learning_rate=0.01 M=71 test_size=0.1 save_interval=100 seed=3 +run_name=09-12_16-56 +githash=ba2de90 
[2024-09-12 16:56:53,360][HYDRA] 	#188 : activation=sqr loss_func=mse num_epochs=10000 weight_decay=0.0002 hidden_size=256 learning_rate=0.01 M=71 test_size=0.1 save_interval=100 seed=4 +run_name=09-12_16-56 +githash=ba2de90 
[2024-09-12 16:56:53,367][HYDRA] 	#189 : activation=sqr loss_func=mse num_epochs=10000 weight_decay=0.0002 hidden_size=256 learning_rate=0.01 M=71 test_size=0.1 save_interval=100 seed=5 +run_name=09-12_16-56 +githash=ba2de90 
[2024-09-12 16:56:53,373][HYDRA] 	#190 : activation=sqr loss_func=mse num_epochs=10000 weight_decay=0.0002 hidden_size=256 learning_rate=0.01 M=127 test_size=0.1 save_interval=100 seed=1 +run_name=09-12_16-56 +githash=ba2de90 
[2024-09-12 16:56:53,381][HYDRA] 	#191 : activation=sqr loss_func=mse num_epochs=10000 weight_decay=0.0002 hidden_size=256 learning_rate=0.01 M=127 test_size=0.1 save_interval=100 seed=2 +run_name=09-12_16-56 +githash=ba2de90 
[2024-09-12 16:56:53,388][HYDRA] 	#192 : activation=sqr loss_func=mse num_epochs=10000 weight_decay=0.0002 hidden_size=256 learning_rate=0.01 M=127 test_size=0.1 save_interval=100 seed=3 +run_name=09-12_16-56 +githash=ba2de90 
[2024-09-12 16:56:53,394][HYDRA] 	#193 : activation=sqr loss_func=mse num_epochs=10000 weight_decay=0.0002 hidden_size=256 learning_rate=0.01 M=127 test_size=0.1 save_interval=100 seed=4 +run_name=09-12_16-56 +githash=ba2de90 
[2024-09-12 16:56:53,401][HYDRA] 	#194 : activation=sqr loss_func=mse num_epochs=10000 weight_decay=0.0002 hidden_size=256 learning_rate=0.01 M=127 test_size=0.1 save_interval=100 seed=5 +run_name=09-12_16-56 +githash=ba2de90 
[2024-09-12 16:56:53,408][HYDRA] 	#195 : activation=sqr loss_func=mse num_epochs=10000 weight_decay=0.0002 hidden_size=512 learning_rate=0.01 M=23 test_size=0.1 save_interval=100 seed=1 +run_name=09-12_16-56 +githash=ba2de90 
[2024-09-12 16:56:53,414][HYDRA] 	#196 : activation=sqr loss_func=mse num_epochs=10000 weight_decay=0.0002 hidden_size=512 learning_rate=0.01 M=23 test_size=0.1 save_interval=100 seed=2 +run_name=09-12_16-56 +githash=ba2de90 
[2024-09-12 16:56:53,421][HYDRA] 	#197 : activation=sqr loss_func=mse num_epochs=10000 weight_decay=0.0002 hidden_size=512 learning_rate=0.01 M=23 test_size=0.1 save_interval=100 seed=3 +run_name=09-12_16-56 +githash=ba2de90 
[2024-09-12 16:56:53,428][HYDRA] 	#198 : activation=sqr loss_func=mse num_epochs=10000 weight_decay=0.0002 hidden_size=512 learning_rate=0.01 M=23 test_size=0.1 save_interval=100 seed=4 +run_name=09-12_16-56 +githash=ba2de90 
[2024-09-12 16:56:53,435][HYDRA] 	#199 : activation=sqr loss_func=mse num_epochs=10000 weight_decay=0.0002 hidden_size=512 learning_rate=0.01 M=23 test_size=0.1 save_interval=100 seed=5 +run_name=09-12_16-56 +githash=ba2de90 
[2024-09-12 16:56:53,441][HYDRA] 	#200 : activation=sqr loss_func=mse num_epochs=10000 weight_decay=0.0002 hidden_size=512 learning_rate=0.01 M=71 test_size=0.1 save_interval=100 seed=1 +run_name=09-12_16-56 +githash=ba2de90 
[2024-09-12 16:56:53,448][HYDRA] 	#201 : activation=sqr loss_func=mse num_epochs=10000 weight_decay=0.0002 hidden_size=512 learning_rate=0.01 M=71 test_size=0.1 save_interval=100 seed=2 +run_name=09-12_16-56 +githash=ba2de90 
[2024-09-12 16:56:53,455][HYDRA] 	#202 : activation=sqr loss_func=mse num_epochs=10000 weight_decay=0.0002 hidden_size=512 learning_rate=0.01 M=71 test_size=0.1 save_interval=100 seed=3 +run_name=09-12_16-56 +githash=ba2de90 
[2024-09-12 16:56:53,462][HYDRA] 	#203 : activation=sqr loss_func=mse num_epochs=10000 weight_decay=0.0002 hidden_size=512 learning_rate=0.01 M=71 test_size=0.1 save_interval=100 seed=4 +run_name=09-12_16-56 +githash=ba2de90 
[2024-09-12 16:56:53,469][HYDRA] 	#204 : activation=sqr loss_func=mse num_epochs=10000 weight_decay=0.0002 hidden_size=512 learning_rate=0.01 M=71 test_size=0.1 save_interval=100 seed=5 +run_name=09-12_16-56 +githash=ba2de90 
[2024-09-12 16:56:53,476][HYDRA] 	#205 : activation=sqr loss_func=mse num_epochs=10000 weight_decay=0.0002 hidden_size=512 learning_rate=0.01 M=127 test_size=0.1 save_interval=100 seed=1 +run_name=09-12_16-56 +githash=ba2de90 
[2024-09-12 16:56:53,482][HYDRA] 	#206 : activation=sqr loss_func=mse num_epochs=10000 weight_decay=0.0002 hidden_size=512 learning_rate=0.01 M=127 test_size=0.1 save_interval=100 seed=2 +run_name=09-12_16-56 +githash=ba2de90 
[2024-09-12 16:56:53,489][HYDRA] 	#207 : activation=sqr loss_func=mse num_epochs=10000 weight_decay=0.0002 hidden_size=512 learning_rate=0.01 M=127 test_size=0.1 save_interval=100 seed=3 +run_name=09-12_16-56 +githash=ba2de90 
[2024-09-12 16:56:53,495][HYDRA] 	#208 : activation=sqr loss_func=mse num_epochs=10000 weight_decay=0.0002 hidden_size=512 learning_rate=0.01 M=127 test_size=0.1 save_interval=100 seed=4 +run_name=09-12_16-56 +githash=ba2de90 
[2024-09-12 16:56:53,502][HYDRA] 	#209 : activation=sqr loss_func=mse num_epochs=10000 weight_decay=0.0002 hidden_size=512 learning_rate=0.01 M=127 test_size=0.1 save_interval=100 seed=5 +run_name=09-12_16-56 +githash=ba2de90 
[2024-09-12 16:56:53,509][HYDRA] 	#210 : activation=sqr loss_func=mse num_epochs=10000 weight_decay=0.0002 hidden_size=1024 learning_rate=0.01 M=23 test_size=0.1 save_interval=100 seed=1 +run_name=09-12_16-56 +githash=ba2de90 
[2024-09-12 16:56:53,515][HYDRA] 	#211 : activation=sqr loss_func=mse num_epochs=10000 weight_decay=0.0002 hidden_size=1024 learning_rate=0.01 M=23 test_size=0.1 save_interval=100 seed=2 +run_name=09-12_16-56 +githash=ba2de90 
[2024-09-12 16:56:53,523][HYDRA] 	#212 : activation=sqr loss_func=mse num_epochs=10000 weight_decay=0.0002 hidden_size=1024 learning_rate=0.01 M=23 test_size=0.1 save_interval=100 seed=3 +run_name=09-12_16-56 +githash=ba2de90 
[2024-09-12 16:56:53,529][HYDRA] 	#213 : activation=sqr loss_func=mse num_epochs=10000 weight_decay=0.0002 hidden_size=1024 learning_rate=0.01 M=23 test_size=0.1 save_interval=100 seed=4 +run_name=09-12_16-56 +githash=ba2de90 
[2024-09-12 16:56:53,536][HYDRA] 	#214 : activation=sqr loss_func=mse num_epochs=10000 weight_decay=0.0002 hidden_size=1024 learning_rate=0.01 M=23 test_size=0.1 save_interval=100 seed=5 +run_name=09-12_16-56 +githash=ba2de90 
[2024-09-12 16:56:53,543][HYDRA] 	#215 : activation=sqr loss_func=mse num_epochs=10000 weight_decay=0.0002 hidden_size=1024 learning_rate=0.01 M=71 test_size=0.1 save_interval=100 seed=1 +run_name=09-12_16-56 +githash=ba2de90 
[2024-09-12 16:56:53,549][HYDRA] 	#216 : activation=sqr loss_func=mse num_epochs=10000 weight_decay=0.0002 hidden_size=1024 learning_rate=0.01 M=71 test_size=0.1 save_interval=100 seed=2 +run_name=09-12_16-56 +githash=ba2de90 
[2024-09-12 16:56:53,556][HYDRA] 	#217 : activation=sqr loss_func=mse num_epochs=10000 weight_decay=0.0002 hidden_size=1024 learning_rate=0.01 M=71 test_size=0.1 save_interval=100 seed=3 +run_name=09-12_16-56 +githash=ba2de90 
[2024-09-12 16:56:53,566][HYDRA] 	#218 : activation=sqr loss_func=mse num_epochs=10000 weight_decay=0.0002 hidden_size=1024 learning_rate=0.01 M=71 test_size=0.1 save_interval=100 seed=4 +run_name=09-12_16-56 +githash=ba2de90 
[2024-09-12 16:56:53,575][HYDRA] 	#219 : activation=sqr loss_func=mse num_epochs=10000 weight_decay=0.0002 hidden_size=1024 learning_rate=0.01 M=71 test_size=0.1 save_interval=100 seed=5 +run_name=09-12_16-56 +githash=ba2de90 
[2024-09-12 16:56:53,580][HYDRA] 	#220 : activation=sqr loss_func=mse num_epochs=10000 weight_decay=0.0002 hidden_size=1024 learning_rate=0.01 M=127 test_size=0.1 save_interval=100 seed=1 +run_name=09-12_16-56 +githash=ba2de90 
[2024-09-12 16:56:53,587][HYDRA] 	#221 : activation=sqr loss_func=mse num_epochs=10000 weight_decay=0.0002 hidden_size=1024 learning_rate=0.01 M=127 test_size=0.1 save_interval=100 seed=2 +run_name=09-12_16-56 +githash=ba2de90 
[2024-09-12 16:56:53,594][HYDRA] 	#222 : activation=sqr loss_func=mse num_epochs=10000 weight_decay=0.0002 hidden_size=1024 learning_rate=0.01 M=127 test_size=0.1 save_interval=100 seed=3 +run_name=09-12_16-56 +githash=ba2de90 
[2024-09-12 16:56:53,601][HYDRA] 	#223 : activation=sqr loss_func=mse num_epochs=10000 weight_decay=0.0002 hidden_size=1024 learning_rate=0.01 M=127 test_size=0.1 save_interval=100 seed=4 +run_name=09-12_16-56 +githash=ba2de90 
[2024-09-12 16:56:53,608][HYDRA] 	#224 : activation=sqr loss_func=mse num_epochs=10000 weight_decay=0.0002 hidden_size=1024 learning_rate=0.01 M=127 test_size=0.1 save_interval=100 seed=5 +run_name=09-12_16-56 +githash=ba2de90 
[2024-09-12 16:56:53,614][HYDRA] 	#225 : activation=sqr loss_func=mse num_epochs=10000 weight_decay=0.0002 hidden_size=2048 learning_rate=0.01 M=23 test_size=0.1 save_interval=100 seed=1 +run_name=09-12_16-56 +githash=ba2de90 
[2024-09-12 16:56:53,621][HYDRA] 	#226 : activation=sqr loss_func=mse num_epochs=10000 weight_decay=0.0002 hidden_size=2048 learning_rate=0.01 M=23 test_size=0.1 save_interval=100 seed=2 +run_name=09-12_16-56 +githash=ba2de90 
[2024-09-12 16:56:53,627][HYDRA] 	#227 : activation=sqr loss_func=mse num_epochs=10000 weight_decay=0.0002 hidden_size=2048 learning_rate=0.01 M=23 test_size=0.1 save_interval=100 seed=3 +run_name=09-12_16-56 +githash=ba2de90 
[2024-09-12 16:56:53,634][HYDRA] 	#228 : activation=sqr loss_func=mse num_epochs=10000 weight_decay=0.0002 hidden_size=2048 learning_rate=0.01 M=23 test_size=0.1 save_interval=100 seed=4 +run_name=09-12_16-56 +githash=ba2de90 
[2024-09-12 16:56:53,641][HYDRA] 	#229 : activation=sqr loss_func=mse num_epochs=10000 weight_decay=0.0002 hidden_size=2048 learning_rate=0.01 M=23 test_size=0.1 save_interval=100 seed=5 +run_name=09-12_16-56 +githash=ba2de90 
[2024-09-12 16:56:53,647][HYDRA] 	#230 : activation=sqr loss_func=mse num_epochs=10000 weight_decay=0.0002 hidden_size=2048 learning_rate=0.01 M=71 test_size=0.1 save_interval=100 seed=1 +run_name=09-12_16-56 +githash=ba2de90 
[2024-09-12 16:56:53,654][HYDRA] 	#231 : activation=sqr loss_func=mse num_epochs=10000 weight_decay=0.0002 hidden_size=2048 learning_rate=0.01 M=71 test_size=0.1 save_interval=100 seed=2 +run_name=09-12_16-56 +githash=ba2de90 
[2024-09-12 16:56:53,661][HYDRA] 	#232 : activation=sqr loss_func=mse num_epochs=10000 weight_decay=0.0002 hidden_size=2048 learning_rate=0.01 M=71 test_size=0.1 save_interval=100 seed=3 +run_name=09-12_16-56 +githash=ba2de90 
[2024-09-12 16:56:53,734][HYDRA] 	#233 : activation=sqr loss_func=mse num_epochs=10000 weight_decay=0.0002 hidden_size=2048 learning_rate=0.01 M=71 test_size=0.1 save_interval=100 seed=4 +run_name=09-12_16-56 +githash=ba2de90 
[2024-09-12 16:56:53,740][HYDRA] 	#234 : activation=sqr loss_func=mse num_epochs=10000 weight_decay=0.0002 hidden_size=2048 learning_rate=0.01 M=71 test_size=0.1 save_interval=100 seed=5 +run_name=09-12_16-56 +githash=ba2de90 
[2024-09-12 16:56:53,747][HYDRA] 	#235 : activation=sqr loss_func=mse num_epochs=10000 weight_decay=0.0002 hidden_size=2048 learning_rate=0.01 M=127 test_size=0.1 save_interval=100 seed=1 +run_name=09-12_16-56 +githash=ba2de90 
[2024-09-12 16:56:53,754][HYDRA] 	#236 : activation=sqr loss_func=mse num_epochs=10000 weight_decay=0.0002 hidden_size=2048 learning_rate=0.01 M=127 test_size=0.1 save_interval=100 seed=2 +run_name=09-12_16-56 +githash=ba2de90 
[2024-09-12 16:56:53,761][HYDRA] 	#237 : activation=sqr loss_func=mse num_epochs=10000 weight_decay=0.0002 hidden_size=2048 learning_rate=0.01 M=127 test_size=0.1 save_interval=100 seed=3 +run_name=09-12_16-56 +githash=ba2de90 
[2024-09-12 16:56:53,767][HYDRA] 	#238 : activation=sqr loss_func=mse num_epochs=10000 weight_decay=0.0002 hidden_size=2048 learning_rate=0.01 M=127 test_size=0.1 save_interval=100 seed=4 +run_name=09-12_16-56 +githash=ba2de90 
[2024-09-12 16:56:53,774][HYDRA] 	#239 : activation=sqr loss_func=mse num_epochs=10000 weight_decay=0.0002 hidden_size=2048 learning_rate=0.01 M=127 test_size=0.1 save_interval=100 seed=5 +run_name=09-12_16-56 +githash=ba2de90 
[2024-09-12 16:56:53,780][HYDRA] 	#240 : activation=sqr loss_func=mse num_epochs=10000 weight_decay=0.0005 hidden_size=256 learning_rate=0.01 M=23 test_size=0.1 save_interval=100 seed=1 +run_name=09-12_16-56 +githash=ba2de90 
[2024-09-12 16:56:53,788][HYDRA] 	#241 : activation=sqr loss_func=mse num_epochs=10000 weight_decay=0.0005 hidden_size=256 learning_rate=0.01 M=23 test_size=0.1 save_interval=100 seed=2 +run_name=09-12_16-56 +githash=ba2de90 
[2024-09-12 16:56:53,795][HYDRA] 	#242 : activation=sqr loss_func=mse num_epochs=10000 weight_decay=0.0005 hidden_size=256 learning_rate=0.01 M=23 test_size=0.1 save_interval=100 seed=3 +run_name=09-12_16-56 +githash=ba2de90 
[2024-09-12 16:56:53,801][HYDRA] 	#243 : activation=sqr loss_func=mse num_epochs=10000 weight_decay=0.0005 hidden_size=256 learning_rate=0.01 M=23 test_size=0.1 save_interval=100 seed=4 +run_name=09-12_16-56 +githash=ba2de90 
[2024-09-12 16:56:53,808][HYDRA] 	#244 : activation=sqr loss_func=mse num_epochs=10000 weight_decay=0.0005 hidden_size=256 learning_rate=0.01 M=23 test_size=0.1 save_interval=100 seed=5 +run_name=09-12_16-56 +githash=ba2de90 
[2024-09-12 16:56:53,815][HYDRA] 	#245 : activation=sqr loss_func=mse num_epochs=10000 weight_decay=0.0005 hidden_size=256 learning_rate=0.01 M=71 test_size=0.1 save_interval=100 seed=1 +run_name=09-12_16-56 +githash=ba2de90 
[2024-09-12 16:56:53,821][HYDRA] 	#246 : activation=sqr loss_func=mse num_epochs=10000 weight_decay=0.0005 hidden_size=256 learning_rate=0.01 M=71 test_size=0.1 save_interval=100 seed=2 +run_name=09-12_16-56 +githash=ba2de90 
[2024-09-12 16:56:53,828][HYDRA] 	#247 : activation=sqr loss_func=mse num_epochs=10000 weight_decay=0.0005 hidden_size=256 learning_rate=0.01 M=71 test_size=0.1 save_interval=100 seed=3 +run_name=09-12_16-56 +githash=ba2de90 
[2024-09-12 16:56:53,835][HYDRA] 	#248 : activation=sqr loss_func=mse num_epochs=10000 weight_decay=0.0005 hidden_size=256 learning_rate=0.01 M=71 test_size=0.1 save_interval=100 seed=4 +run_name=09-12_16-56 +githash=ba2de90 
[2024-09-12 16:56:53,841][HYDRA] 	#249 : activation=sqr loss_func=mse num_epochs=10000 weight_decay=0.0005 hidden_size=256 learning_rate=0.01 M=71 test_size=0.1 save_interval=100 seed=5 +run_name=09-12_16-56 +githash=ba2de90 
[2024-09-12 16:56:53,850][HYDRA] 	#250 : activation=sqr loss_func=mse num_epochs=10000 weight_decay=0.0005 hidden_size=256 learning_rate=0.01 M=127 test_size=0.1 save_interval=100 seed=1 +run_name=09-12_16-56 +githash=ba2de90 
[2024-09-12 16:56:53,861][HYDRA] 	#251 : activation=sqr loss_func=mse num_epochs=10000 weight_decay=0.0005 hidden_size=256 learning_rate=0.01 M=127 test_size=0.1 save_interval=100 seed=2 +run_name=09-12_16-56 +githash=ba2de90 
[2024-09-12 16:56:53,867][HYDRA] 	#252 : activation=sqr loss_func=mse num_epochs=10000 weight_decay=0.0005 hidden_size=256 learning_rate=0.01 M=127 test_size=0.1 save_interval=100 seed=3 +run_name=09-12_16-56 +githash=ba2de90 
[2024-09-12 16:56:53,873][HYDRA] 	#253 : activation=sqr loss_func=mse num_epochs=10000 weight_decay=0.0005 hidden_size=256 learning_rate=0.01 M=127 test_size=0.1 save_interval=100 seed=4 +run_name=09-12_16-56 +githash=ba2de90 
[2024-09-12 16:56:53,879][HYDRA] 	#254 : activation=sqr loss_func=mse num_epochs=10000 weight_decay=0.0005 hidden_size=256 learning_rate=0.01 M=127 test_size=0.1 save_interval=100 seed=5 +run_name=09-12_16-56 +githash=ba2de90 
[2024-09-12 16:56:53,886][HYDRA] 	#255 : activation=sqr loss_func=mse num_epochs=10000 weight_decay=0.0005 hidden_size=512 learning_rate=0.01 M=23 test_size=0.1 save_interval=100 seed=1 +run_name=09-12_16-56 +githash=ba2de90 
[2024-09-12 16:56:53,892][HYDRA] 	#256 : activation=sqr loss_func=mse num_epochs=10000 weight_decay=0.0005 hidden_size=512 learning_rate=0.01 M=23 test_size=0.1 save_interval=100 seed=2 +run_name=09-12_16-56 +githash=ba2de90 
[2024-09-12 16:56:53,899][HYDRA] 	#257 : activation=sqr loss_func=mse num_epochs=10000 weight_decay=0.0005 hidden_size=512 learning_rate=0.01 M=23 test_size=0.1 save_interval=100 seed=3 +run_name=09-12_16-56 +githash=ba2de90 
[2024-09-12 16:56:53,906][HYDRA] 	#258 : activation=sqr loss_func=mse num_epochs=10000 weight_decay=0.0005 hidden_size=512 learning_rate=0.01 M=23 test_size=0.1 save_interval=100 seed=4 +run_name=09-12_16-56 +githash=ba2de90 
[2024-09-12 16:56:53,912][HYDRA] 	#259 : activation=sqr loss_func=mse num_epochs=10000 weight_decay=0.0005 hidden_size=512 learning_rate=0.01 M=23 test_size=0.1 save_interval=100 seed=5 +run_name=09-12_16-56 +githash=ba2de90 
[2024-09-12 16:56:53,919][HYDRA] 	#260 : activation=sqr loss_func=mse num_epochs=10000 weight_decay=0.0005 hidden_size=512 learning_rate=0.01 M=71 test_size=0.1 save_interval=100 seed=1 +run_name=09-12_16-56 +githash=ba2de90 
[2024-09-12 16:56:53,925][HYDRA] 	#261 : activation=sqr loss_func=mse num_epochs=10000 weight_decay=0.0005 hidden_size=512 learning_rate=0.01 M=71 test_size=0.1 save_interval=100 seed=2 +run_name=09-12_16-56 +githash=ba2de90 
[2024-09-12 16:56:53,933][HYDRA] 	#262 : activation=sqr loss_func=mse num_epochs=10000 weight_decay=0.0005 hidden_size=512 learning_rate=0.01 M=71 test_size=0.1 save_interval=100 seed=3 +run_name=09-12_16-56 +githash=ba2de90 
[2024-09-12 16:56:53,939][HYDRA] 	#263 : activation=sqr loss_func=mse num_epochs=10000 weight_decay=0.0005 hidden_size=512 learning_rate=0.01 M=71 test_size=0.1 save_interval=100 seed=4 +run_name=09-12_16-56 +githash=ba2de90 
[2024-09-12 16:56:53,946][HYDRA] 	#264 : activation=sqr loss_func=mse num_epochs=10000 weight_decay=0.0005 hidden_size=512 learning_rate=0.01 M=71 test_size=0.1 save_interval=100 seed=5 +run_name=09-12_16-56 +githash=ba2de90 
[2024-09-12 16:56:53,953][HYDRA] 	#265 : activation=sqr loss_func=mse num_epochs=10000 weight_decay=0.0005 hidden_size=512 learning_rate=0.01 M=127 test_size=0.1 save_interval=100 seed=1 +run_name=09-12_16-56 +githash=ba2de90 
[2024-09-12 16:56:53,959][HYDRA] 	#266 : activation=sqr loss_func=mse num_epochs=10000 weight_decay=0.0005 hidden_size=512 learning_rate=0.01 M=127 test_size=0.1 save_interval=100 seed=2 +run_name=09-12_16-56 +githash=ba2de90 
[2024-09-12 16:56:53,966][HYDRA] 	#267 : activation=sqr loss_func=mse num_epochs=10000 weight_decay=0.0005 hidden_size=512 learning_rate=0.01 M=127 test_size=0.1 save_interval=100 seed=3 +run_name=09-12_16-56 +githash=ba2de90 
[2024-09-12 16:56:53,973][HYDRA] 	#268 : activation=sqr loss_func=mse num_epochs=10000 weight_decay=0.0005 hidden_size=512 learning_rate=0.01 M=127 test_size=0.1 save_interval=100 seed=4 +run_name=09-12_16-56 +githash=ba2de90 
[2024-09-12 16:56:53,979][HYDRA] 	#269 : activation=sqr loss_func=mse num_epochs=10000 weight_decay=0.0005 hidden_size=512 learning_rate=0.01 M=127 test_size=0.1 save_interval=100 seed=5 +run_name=09-12_16-56 +githash=ba2de90 
[2024-09-12 16:56:53,986][HYDRA] 	#270 : activation=sqr loss_func=mse num_epochs=10000 weight_decay=0.0005 hidden_size=1024 learning_rate=0.01 M=23 test_size=0.1 save_interval=100 seed=1 +run_name=09-12_16-56 +githash=ba2de90 
[2024-09-12 16:56:53,992][HYDRA] 	#271 : activation=sqr loss_func=mse num_epochs=10000 weight_decay=0.0005 hidden_size=1024 learning_rate=0.01 M=23 test_size=0.1 save_interval=100 seed=2 +run_name=09-12_16-56 +githash=ba2de90 
[2024-09-12 16:56:54,000][HYDRA] 	#272 : activation=sqr loss_func=mse num_epochs=10000 weight_decay=0.0005 hidden_size=1024 learning_rate=0.01 M=23 test_size=0.1 save_interval=100 seed=3 +run_name=09-12_16-56 +githash=ba2de90 
[2024-09-12 16:56:54,006][HYDRA] 	#273 : activation=sqr loss_func=mse num_epochs=10000 weight_decay=0.0005 hidden_size=1024 learning_rate=0.01 M=23 test_size=0.1 save_interval=100 seed=4 +run_name=09-12_16-56 +githash=ba2de90 
[2024-09-12 16:56:54,013][HYDRA] 	#274 : activation=sqr loss_func=mse num_epochs=10000 weight_decay=0.0005 hidden_size=1024 learning_rate=0.01 M=23 test_size=0.1 save_interval=100 seed=5 +run_name=09-12_16-56 +githash=ba2de90 
[2024-09-12 16:56:54,020][HYDRA] 	#275 : activation=sqr loss_func=mse num_epochs=10000 weight_decay=0.0005 hidden_size=1024 learning_rate=0.01 M=71 test_size=0.1 save_interval=100 seed=1 +run_name=09-12_16-56 +githash=ba2de90 
[2024-09-12 16:56:54,026][HYDRA] 	#276 : activation=sqr loss_func=mse num_epochs=10000 weight_decay=0.0005 hidden_size=1024 learning_rate=0.01 M=71 test_size=0.1 save_interval=100 seed=2 +run_name=09-12_16-56 +githash=ba2de90 
[2024-09-12 16:56:54,033][HYDRA] 	#277 : activation=sqr loss_func=mse num_epochs=10000 weight_decay=0.0005 hidden_size=1024 learning_rate=0.01 M=71 test_size=0.1 save_interval=100 seed=3 +run_name=09-12_16-56 +githash=ba2de90 
[2024-09-12 16:56:54,039][HYDRA] 	#278 : activation=sqr loss_func=mse num_epochs=10000 weight_decay=0.0005 hidden_size=1024 learning_rate=0.01 M=71 test_size=0.1 save_interval=100 seed=4 +run_name=09-12_16-56 +githash=ba2de90 
[2024-09-12 16:56:54,046][HYDRA] 	#279 : activation=sqr loss_func=mse num_epochs=10000 weight_decay=0.0005 hidden_size=1024 learning_rate=0.01 M=71 test_size=0.1 save_interval=100 seed=5 +run_name=09-12_16-56 +githash=ba2de90 
[2024-09-12 16:56:54,053][HYDRA] 	#280 : activation=sqr loss_func=mse num_epochs=10000 weight_decay=0.0005 hidden_size=1024 learning_rate=0.01 M=127 test_size=0.1 save_interval=100 seed=1 +run_name=09-12_16-56 +githash=ba2de90 
[2024-09-12 16:56:54,059][HYDRA] 	#281 : activation=sqr loss_func=mse num_epochs=10000 weight_decay=0.0005 hidden_size=1024 learning_rate=0.01 M=127 test_size=0.1 save_interval=100 seed=2 +run_name=09-12_16-56 +githash=ba2de90 
[2024-09-12 16:56:54,067][HYDRA] 	#282 : activation=sqr loss_func=mse num_epochs=10000 weight_decay=0.0005 hidden_size=1024 learning_rate=0.01 M=127 test_size=0.1 save_interval=100 seed=3 +run_name=09-12_16-56 +githash=ba2de90 
[2024-09-12 16:56:54,073][HYDRA] 	#283 : activation=sqr loss_func=mse num_epochs=10000 weight_decay=0.0005 hidden_size=1024 learning_rate=0.01 M=127 test_size=0.1 save_interval=100 seed=4 +run_name=09-12_16-56 +githash=ba2de90 
[2024-09-12 16:56:54,080][HYDRA] 	#284 : activation=sqr loss_func=mse num_epochs=10000 weight_decay=0.0005 hidden_size=1024 learning_rate=0.01 M=127 test_size=0.1 save_interval=100 seed=5 +run_name=09-12_16-56 +githash=ba2de90 
[2024-09-12 16:56:54,086][HYDRA] 	#285 : activation=sqr loss_func=mse num_epochs=10000 weight_decay=0.0005 hidden_size=2048 learning_rate=0.01 M=23 test_size=0.1 save_interval=100 seed=1 +run_name=09-12_16-56 +githash=ba2de90 
[2024-09-12 16:56:54,093][HYDRA] 	#286 : activation=sqr loss_func=mse num_epochs=10000 weight_decay=0.0005 hidden_size=2048 learning_rate=0.01 M=23 test_size=0.1 save_interval=100 seed=2 +run_name=09-12_16-56 +githash=ba2de90 
[2024-09-12 16:56:54,099][HYDRA] 	#287 : activation=sqr loss_func=mse num_epochs=10000 weight_decay=0.0005 hidden_size=2048 learning_rate=0.01 M=23 test_size=0.1 save_interval=100 seed=3 +run_name=09-12_16-56 +githash=ba2de90 
[2024-09-12 16:56:54,106][HYDRA] 	#288 : activation=sqr loss_func=mse num_epochs=10000 weight_decay=0.0005 hidden_size=2048 learning_rate=0.01 M=23 test_size=0.1 save_interval=100 seed=4 +run_name=09-12_16-56 +githash=ba2de90 
[2024-09-12 16:56:54,113][HYDRA] 	#289 : activation=sqr loss_func=mse num_epochs=10000 weight_decay=0.0005 hidden_size=2048 learning_rate=0.01 M=23 test_size=0.1 save_interval=100 seed=5 +run_name=09-12_16-56 +githash=ba2de90 
[2024-09-12 16:56:54,119][HYDRA] 	#290 : activation=sqr loss_func=mse num_epochs=10000 weight_decay=0.0005 hidden_size=2048 learning_rate=0.01 M=71 test_size=0.1 save_interval=100 seed=1 +run_name=09-12_16-56 +githash=ba2de90 
[2024-09-12 16:56:54,126][HYDRA] 	#291 : activation=sqr loss_func=mse num_epochs=10000 weight_decay=0.0005 hidden_size=2048 learning_rate=0.01 M=71 test_size=0.1 save_interval=100 seed=2 +run_name=09-12_16-56 +githash=ba2de90 
[2024-09-12 16:56:54,134][HYDRA] 	#292 : activation=sqr loss_func=mse num_epochs=10000 weight_decay=0.0005 hidden_size=2048 learning_rate=0.01 M=71 test_size=0.1 save_interval=100 seed=3 +run_name=09-12_16-56 +githash=ba2de90 
[2024-09-12 16:56:54,145][HYDRA] 	#293 : activation=sqr loss_func=mse num_epochs=10000 weight_decay=0.0005 hidden_size=2048 learning_rate=0.01 M=71 test_size=0.1 save_interval=100 seed=4 +run_name=09-12_16-56 +githash=ba2de90 
[2024-09-12 16:56:54,151][HYDRA] 	#294 : activation=sqr loss_func=mse num_epochs=10000 weight_decay=0.0005 hidden_size=2048 learning_rate=0.01 M=71 test_size=0.1 save_interval=100 seed=5 +run_name=09-12_16-56 +githash=ba2de90 
[2024-09-12 16:56:54,157][HYDRA] 	#295 : activation=sqr loss_func=mse num_epochs=10000 weight_decay=0.0005 hidden_size=2048 learning_rate=0.01 M=127 test_size=0.1 save_interval=100 seed=1 +run_name=09-12_16-56 +githash=ba2de90 
[2024-09-12 16:56:54,164][HYDRA] 	#296 : activation=sqr loss_func=mse num_epochs=10000 weight_decay=0.0005 hidden_size=2048 learning_rate=0.01 M=127 test_size=0.1 save_interval=100 seed=2 +run_name=09-12_16-56 +githash=ba2de90 
[2024-09-12 16:56:54,170][HYDRA] 	#297 : activation=sqr loss_func=mse num_epochs=10000 weight_decay=0.0005 hidden_size=2048 learning_rate=0.01 M=127 test_size=0.1 save_interval=100 seed=3 +run_name=09-12_16-56 +githash=ba2de90 
[2024-09-12 16:56:54,177][HYDRA] 	#298 : activation=sqr loss_func=mse num_epochs=10000 weight_decay=0.0005 hidden_size=2048 learning_rate=0.01 M=127 test_size=0.1 save_interval=100 seed=4 +run_name=09-12_16-56 +githash=ba2de90 
[2024-09-12 16:56:54,184][HYDRA] 	#299 : activation=sqr loss_func=mse num_epochs=10000 weight_decay=0.0005 hidden_size=2048 learning_rate=0.01 M=127 test_size=0.1 save_interval=100 seed=5 +run_name=09-12_16-56 +githash=ba2de90 
